<?xml version="1.0" encoding="UTF-8"?>
<!-- Generated by org.testng.reporters.JUnitReportReporter -->
<testsuite hostname="DESKTOP-52FKJQH" failures="0" tests="1" name="abhinav.test1.App" time="15.524" errors="0" timestamp="2020-08-23T13:50:35 IST" skipped="0">
  <testcase classname="abhinav.test1.App" name="test" time="15.524"/>
  <system-out/>
</testsuite> <!-- abhinav.test1.App -->
